Flow report for I2C
Mon Nov 23 17:25:21 2020
Quartus Prime Version 19.1.0 Build 670 09/22/2019 SJ Lite Edition


---------------------
; Table of Contents ;
---------------------
  1. Legal Notice
  2. Flow Summary
  3. Flow Settings
  4. Flow Non-Default Global Settings
  5. Flow Elapsed Time
  6. Flow OS Summary
  7. Flow Log
  8. Flow Messages
  9. Flow Suppressed Messages



----------------
; Legal Notice ;
----------------
Copyright (C) 2019  Intel Corporation. All rights reserved.
Your use of Intel Corporation's design tools, logic functions 
and other software and tools, and any partner logic 
functions, and any output files from any of the foregoing 
(including device programming or simulation files), and any 
associated documentation or information are expressly subject 
to the terms and conditions of the Intel Program License 
Subscription Agreement, the Intel Quartus Prime License Agreement,
the Intel FPGA IP License Agreement, or other applicable license
agreement, including, without limitation, that your use is for
the sole purpose of programming logic devices manufactured by
Intel and sold by Intel or its authorized distributors.  Please
refer to the applicable agreement for further details, at
https://fpgasoftware.intel.com/eula.



+----------------------------------------------------------------------------------+
; Flow Summary                                                                     ;
+------------------------------------+---------------------------------------------+
; Flow Status                        ; Successful - Mon Nov 23 17:25:21 2020       ;
; Quartus Prime Version              ; 19.1.0 Build 670 09/22/2019 SJ Lite Edition ;
; Revision Name                      ; I2C                                         ;
; Top-level Entity Name              ; I2C_Control_Verilog                         ;
; Family                             ; Cyclone IV E                                ;
; Device                             ; EP4CE22F17C7                                ;
; Timing Models                      ; Final                                       ;
; Total logic elements               ; 19 / 22,320 ( < 1 % )                       ;
;     Total combinational functions  ; 16 / 22,320 ( < 1 % )                       ;
;     Dedicated logic registers      ; 13 / 22,320 ( < 1 % )                       ;
; Total registers                    ; 13                                          ;
; Total pins                         ; 28 / 154 ( 18 % )                           ;
; Total virtual pins                 ; 0                                           ;
; Total memory bits                  ; 0 / 608,256 ( 0 % )                         ;
; Embedded Multiplier 9-bit elements ; 0 / 132 ( 0 % )                             ;
; Total PLLs                         ; 0 / 4 ( 0 % )                               ;
+------------------------------------+---------------------------------------------+


+-----------------------------------------+
; Flow Settings                           ;
+-------------------+---------------------+
; Option            ; Setting             ;
+-------------------+---------------------+
; Start date & time ; 11/23/2020 16:43:08 ;
; Main task         ; Compilation         ;
; Revision Name     ; I2C                 ;
+-------------------+---------------------+


+--------------------------------------------------------------------------------------------------------------------------------------------------------+
; Flow Non-Default Global Settings                                                                                                                       ;
+-------------------------------------+----------------------------------------+---------------+---------------------+-----------------------------------+
; Assignment Name                     ; Value                                  ; Default Value ; Entity Name         ; Section Id                        ;
+-------------------------------------+----------------------------------------+---------------+---------------------+-----------------------------------+
; COMPILER_SIGNATURE_ID               ; 273184162881956.160612998713700        ; --            ; --                  ; --                                ;
; EDA_GENERATE_FUNCTIONAL_NETLIST     ; Off                                    ; --            ; --                  ; eda_board_design_timing           ;
; EDA_GENERATE_FUNCTIONAL_NETLIST     ; Off                                    ; --            ; --                  ; eda_board_design_boundary_scan    ;
; EDA_GENERATE_FUNCTIONAL_NETLIST     ; Off                                    ; --            ; --                  ; eda_board_design_signal_integrity ;
; EDA_GENERATE_FUNCTIONAL_NETLIST     ; Off                                    ; --            ; --                  ; eda_board_design_symbol           ;
; EDA_OUTPUT_DATA_FORMAT              ; Verilog Hdl                            ; --            ; --                  ; eda_simulation                    ;
; EDA_SIMULATION_TOOL                 ; ModelSim-Altera (Verilog)              ; <None>        ; --                  ; --                                ;
; EDA_TIME_SCALE                      ; 1 ps                                   ; --            ; --                  ; eda_simulation                    ;
; MAX_CORE_JUNCTION_TEMP              ; 85                                     ; --            ; --                  ; --                                ;
; MIN_CORE_JUNCTION_TEMP              ; 0                                      ; --            ; --                  ; --                                ;
; NOMINAL_CORE_SUPPLY_VOLTAGE         ; 1.2V                                   ; --            ; --                  ; --                                ;
; PARTITION_COLOR                     ; -- (Not supported for targeted family) ; --            ; I2C_Control_Verilog ; Top                               ;
; PARTITION_FITTER_PRESERVATION_LEVEL ; -- (Not supported for targeted family) ; --            ; I2C_Control_Verilog ; Top                               ;
; PARTITION_NETLIST_TYPE              ; -- (Not supported for targeted family) ; --            ; I2C_Control_Verilog ; Top                               ;
; POWER_BOARD_THERMAL_MODEL           ; None (CONSERVATIVE)                    ; --            ; --                  ; --                                ;
; POWER_PRESET_COOLING_SOLUTION       ; 23 MM HEAT SINK WITH 200 LFPM AIRFLOW  ; --            ; --                  ; --                                ;
; PROJECT_OUTPUT_DIRECTORY            ; output_files                           ; --            ; --                  ; --                                ;
; TOP_LEVEL_ENTITY                    ; I2C_Control_Verilog                    ; I2C           ; --                  ; --                                ;
+-------------------------------------+----------------------------------------+---------------+---------------------+-----------------------------------+


+--------------------------------------------------------------------------------------------------------------------------+
; Flow Elapsed Time                                                                                                        ;
+----------------------+--------------+-------------------------+---------------------+------------------------------------+
; Module Name          ; Elapsed Time ; Average Processors Used ; Peak Virtual Memory ; Total CPU Time (on all processors) ;
+----------------------+--------------+-------------------------+---------------------+------------------------------------+
; Analysis & Synthesis ; 00:00:11     ; 1.0                     ; 4764 MB             ; 00:00:25                           ;
; Fitter               ; 00:00:09     ; 1.0                     ; 5521 MB             ; 00:00:10                           ;
; Assembler            ; 00:00:02     ; 1.0                     ; 4691 MB             ; 00:00:03                           ;
; Timing Analyzer      ; 00:00:05     ; 1.0                     ; 4775 MB             ; 00:00:04                           ;
; EDA Netlist Writer   ; 00:00:02     ; 1.0                     ; 4646 MB             ; 00:00:02                           ;
; EDA Netlist Writer   ; 00:00:00     ; 1.0                     ; 4636 MB             ; 00:00:01                           ;
; EDA Netlist Writer   ; 00:00:01     ; 1.0                     ; 4651 MB             ; 00:00:01                           ;
; EDA Netlist Writer   ; 00:00:01     ; 1.0                     ; 4636 MB             ; 00:00:01                           ;
; EDA Netlist Writer   ; 00:00:01     ; 1.0                     ; 4651 MB             ; 00:00:01                           ;
; EDA Netlist Writer   ; 00:00:01     ; 1.0                     ; 4636 MB             ; 00:00:01                           ;
; EDA Netlist Writer   ; 00:00:01     ; 1.0                     ; 4651 MB             ; 00:00:01                           ;
; EDA Netlist Writer   ; 00:00:01     ; 1.0                     ; 4636 MB             ; 00:00:01                           ;
; EDA Netlist Writer   ; 00:00:01     ; 1.0                     ; 4651 MB             ; 00:00:01                           ;
; EDA Netlist Writer   ; 00:00:01     ; 1.0                     ; 4636 MB             ; 00:00:01                           ;
; EDA Netlist Writer   ; 00:00:01     ; 1.0                     ; 4651 MB             ; 00:00:01                           ;
; EDA Netlist Writer   ; 00:00:01     ; 1.0                     ; 4636 MB             ; 00:00:01                           ;
; EDA Netlist Writer   ; 00:00:01     ; 1.0                     ; 4651 MB             ; 00:00:01                           ;
; Total                ; 00:00:40     ; --                      ; --                  ; 00:00:56                           ;
+----------------------+--------------+-------------------------+---------------------+------------------------------------+


+------------------------------------------------------------------------------------+
; Flow OS Summary                                                                    ;
+----------------------+------------------+------------+------------+----------------+
; Module Name          ; Machine Hostname ; OS Name    ; OS Version ; Processor type ;
+----------------------+------------------+------------+------------+----------------+
; Analysis & Synthesis ; LAPTOP-V9N0QG9O  ; Windows 10 ; 10.0       ; x86_64         ;
; Fitter               ; LAPTOP-V9N0QG9O  ; Windows 10 ; 10.0       ; x86_64         ;
; Assembler            ; LAPTOP-V9N0QG9O  ; Windows 10 ; 10.0       ; x86_64         ;
; Timing Analyzer      ; LAPTOP-V9N0QG9O  ; Windows 10 ; 10.0       ; x86_64         ;
; EDA Netlist Writer   ; LAPTOP-V9N0QG9O  ; Windows 10 ; 10.0       ; x86_64         ;
; EDA Netlist Writer   ; LAPTOP-V9N0QG9O  ; Windows 10 ; 10.0       ; x86_64         ;
; EDA Netlist Writer   ; LAPTOP-V9N0QG9O  ; Windows 10 ; 10.0       ; x86_64         ;
; EDA Netlist Writer   ; LAPTOP-V9N0QG9O  ; Windows 10 ; 10.0       ; x86_64         ;
; EDA Netlist Writer   ; LAPTOP-V9N0QG9O  ; Windows 10 ; 10.0       ; x86_64         ;
; EDA Netlist Writer   ; LAPTOP-V9N0QG9O  ; Windows 10 ; 10.0       ; x86_64         ;
; EDA Netlist Writer   ; LAPTOP-V9N0QG9O  ; Windows 10 ; 10.0       ; x86_64         ;
; EDA Netlist Writer   ; LAPTOP-V9N0QG9O  ; Windows 10 ; 10.0       ; x86_64         ;
; EDA Netlist Writer   ; LAPTOP-V9N0QG9O  ; Windows 10 ; 10.0       ; x86_64         ;
; EDA Netlist Writer   ; LAPTOP-V9N0QG9O  ; Windows 10 ; 10.0       ; x86_64         ;
; EDA Netlist Writer   ; LAPTOP-V9N0QG9O  ; Windows 10 ; 10.0       ; x86_64         ;
; EDA Netlist Writer   ; LAPTOP-V9N0QG9O  ; Windows 10 ; 10.0       ; x86_64         ;
; EDA Netlist Writer   ; LAPTOP-V9N0QG9O  ; Windows 10 ; 10.0       ; x86_64         ;
+----------------------+------------------+------------+------------+----------------+


------------
; Flow Log ;
------------
quartus_map --read_settings_files=on --write_settings_files=off I2C -c I2C
quartus_fit --read_settings_files=off --write_settings_files=off I2C -c I2C
quartus_asm --read_settings_files=off --write_settings_files=off I2C -c I2C
quartus_sta I2C -c I2C
quartus_eda --read_settings_files=off --write_settings_files=off I2C -c I2C
quartus_eda --gen_testbench --tool=modelsim_oem --format=verilog --write_settings_files=off I2C -c I2C --vector_source=C:/Quartus/SM#1705_Task2/I2C/Waveform.vwf --testbench_file=C:/Quartus/SM#1705_Task2/I2C/simulation/qsim/Waveform.vwf.vt
quartus_eda --write_settings_files=off --simulation=on --functional=off --flatten_buses=off --timescale=1ps --tool=modelsim_oem --format=verilog --output_directory=C:/Quartus/SM#1705_Task2/I2C/simulation/qsim/ I2C -c I2C
quartus_eda --gen_testbench --tool=modelsim_oem --format=verilog --write_settings_files=off I2C -c I2C --vector_source=C:/Quartus/SM#1705_Task2/I2C/Waveform.vwf --testbench_file=C:/Quartus/SM#1705_Task2/I2C/simulation/qsim/Waveform.vwf.vt
quartus_eda --write_settings_files=off --simulation=on --functional=off --flatten_buses=off --timescale=1ps --tool=modelsim_oem --format=verilog --output_directory=C:/Quartus/SM#1705_Task2/I2C/simulation/qsim/ I2C -c I2C
quartus_eda --gen_testbench --tool=modelsim_oem --format=verilog --write_settings_files=off I2C -c I2C --vector_source=C:/Quartus/SM#1705_Task2/I2C/Waveform.vwf --testbench_file=C:/Quartus/SM#1705_Task2/I2C/simulation/qsim/Waveform.vwf.vt
quartus_eda --write_settings_files=off --simulation=on --functional=off --flatten_buses=off --timescale=1ps --tool=modelsim_oem --format=verilog --output_directory=C:/Quartus/SM#1705_Task2/I2C/simulation/qsim/ I2C -c I2C
quartus_eda --gen_testbench --tool=modelsim_oem --format=verilog --write_settings_files=off I2C -c I2C --vector_source=C:/Quartus/SM#1705_Task2/I2C/Waveform.vwf --testbench_file=C:/Quartus/SM#1705_Task2/I2C/simulation/qsim/Waveform.vwf.vt
quartus_eda --write_settings_files=off --simulation=on --functional=off --flatten_buses=off --timescale=1ps --tool=modelsim_oem --format=verilog --output_directory=C:/Quartus/SM#1705_Task2/I2C/simulation/qsim/ I2C -c I2C
quartus_eda --gen_testbench --tool=modelsim_oem --format=verilog --write_settings_files=off I2C -c I2C --vector_source=C:/Quartus/SM#1705_Task2/I2C/Waveform.vwf --testbench_file=C:/Quartus/SM#1705_Task2/I2C/simulation/qsim/Waveform.vwf.vt
quartus_eda --write_settings_files=off --simulation=on --functional=off --flatten_buses=off --timescale=1ps --tool=modelsim_oem --format=verilog --output_directory=C:/Quartus/SM#1705_Task2/I2C/simulation/qsim/ I2C -c I2C
quartus_eda --gen_testbench --tool=modelsim_oem --format=verilog --write_settings_files=off I2C -c I2C --vector_source=C:/Quartus/SM#1705_Task2/I2C/Waveform.vwf --testbench_file=C:/Quartus/SM#1705_Task2/I2C/simulation/qsim/Waveform.vwf.vt
quartus_eda --write_settings_files=off --simulation=on --functional=off --flatten_buses=off --timescale=1ps --tool=modelsim_oem --format=verilog --output_directory=C:/Quartus/SM#1705_Task2/I2C/simulation/qsim/ I2C -c I2C



